[2018-05-17 16:09:17] [INFO] 


[2018-05-17 16:09:17] [INFO] **************************begin***************************
[2018-05-17 16:09:17] [INFO] 当前需要测试的应用的xlsx文件:OTA项目应用的预置应用列表测试建议_梳理三方包名.xlsx
[2018-05-17 16:09:17] [INFO] 存在的sheet有:
[2018-05-17 16:09:17] [INFO] ['目录', 'F100', '金钢全网通', 'F100S', 'F103', 'S10', 'M7', 'F106', 'F6', '金钢2', 'M6', '大金钢2', 'Sheet11', '常用系统应用', '三方汇总表']
[2018-05-17 16:09:21] [INFO] 接收到项目:M7
[2018-05-17 16:09:22] [INFO] 共找到1个手机
[2018-05-17 16:09:22] [INFO] ID为CYHAVCYLEULJB6FU
[2018-05-17 16:09:22] [INFO] 2018-05-17 16:09:22.086558
[2018-05-17 16:09:22] [INFO] downloadApps 创建成功
[2018-05-17 16:09:22] [INFO] http://imtt.dd.qq.com/16891/9A7CBD9CAFF7AA35E754408E2D2C6288.apk?fsname=com.tencent.mm_6.6.6_1300.apk&csr=1bbd
[2018-05-17 16:09:22] [INFO] 获取下载地址成功:http://sj.qq.com/myapp/detail.htm?apkName=com.tencent.mm
[2018-05-18 11:25:14] [INFO] 开始安装遍历应用的App:
[2018-05-18 11:25:20] [INFO] 安装结果:Success
[2018-05-18 11:28:00] [INFO] 开始安装遍历应用的App:
[2018-05-18 11:28:05] [INFO] 安装结果:Success
[2018-05-18 11:32:04] [INFO] 开始安装遍历应用的App:
[2018-05-25 11:23:35] [INFO] 


[2018-05-25 11:23:35] [INFO] **************************begin***************************
[2018-05-25 11:23:35] [INFO] 当前需要测试的应用的xlsx文件:OTA项目应用的预置应用列表测试建议_梳理三方包名.xlsx
[2018-05-25 11:23:35] [INFO] 存在的sheet有:
[2018-05-25 11:23:35] [INFO] ['目录', 'F100', '金钢全网通', 'F100S', 'F103', 'S10', 'M7', 'F106', 'F6', '金钢2', 'M6', '大金钢2', 'Sheet11', '常用系统应用', '三方汇总表']
[2018-05-25 16:18:42] [INFO] 开始安装遍历应用的App:
[2018-05-25 16:18:45] [INFO] 安装结果:Success
[2018-05-25 16:18:45] [INFO] 


[2018-05-25 16:18:45] [INFO] **************************begin***************************
[2018-05-25 16:18:45] [INFO] 当前需要测试的应用的xlsx文件:OTA项目应用的预置应用列表测试建议_梳理三方包名.xlsx
[2018-05-25 16:18:45] [INFO] 存在的sheet有:
[2018-05-25 16:18:45] [INFO] ['目录', 'F100', '金钢全网通', 'F100S', 'F103', 'S10', 'M7', 'F106', 'F6', '金钢2', 'M6', '大金钢2', 'Sheet11', '常用系统应用', '三方汇总表']
[2018-05-25 16:20:24] [INFO] 开始安装遍历应用的App:
[2018-05-25 16:20:35] [INFO] 安装结果:Success
[2018-05-25 16:20:35] [INFO] 


[2018-05-25 16:20:35] [INFO] **************************begin***************************
[2018-05-25 16:20:35] [INFO] 当前需要测试的应用的xlsx文件:OTA项目应用的预置应用列表测试建议_梳理三方包名.xlsx
[2018-05-25 16:20:35] [INFO] 存在的sheet有:
[2018-05-25 16:20:35] [INFO] ['目录', 'F100', '金钢全网通', 'F100S', 'F103', 'S10', 'M7', 'F106', 'F6', '金钢2', 'M6', '大金钢2', 'Sheet11', '常用系统应用', '三方汇总表']
[2018-05-25 16:22:49] [INFO] 


[2018-05-25 16:22:49] [INFO] **************************begin***************************
[2018-05-25 16:22:49] [INFO] 开始安装遍历应用的App:
[2018-05-25 16:22:53] [INFO] 安装结果:Success
[2018-05-25 16:22:53] [INFO] 当前需要测试的应用的xlsx文件:OTA项目应用的预置应用列表测试建议_梳理三方包名.xlsx
[2018-05-25 16:22:53] [INFO] 存在的sheet有:
[2018-05-25 16:22:53] [INFO] ['目录', 'F100', '金钢全网通', 'F100S', 'F103', 'S10', 'M7', 'F106', 'F6', '金钢2', 'M6', '大金钢2', 'Sheet11', '常用系统应用', '三方汇总表']
[2018-05-25 16:55:04] [INFO] 开始安装遍历应用的App:
[2018-05-25 16:55:08] [INFO] 安装结果:Success
[2018-05-25 16:55:08] [INFO] 


[2018-05-25 16:55:08] [INFO] **************************begin***************************
[2018-05-25 16:55:08] [INFO] 当前需要测试的应用的xlsx文件:OTA项目应用的预置应用列表测试建议_梳理三方包名.xlsx
[2018-05-25 16:55:08] [INFO] 存在的sheet有:
[2018-05-25 16:55:08] [INFO] ['目录', 'F100', '金钢全网通', 'F100S', 'F103', 'S10', 'M7', 'F106', 'F6', '金钢2', 'M6', '大金钢2', 'Sheet11', '常用系统应用', '三方汇总表']
